# JRE version: Java(TM) SE Runtime Environment (8.0_221-b11) (build 1.8.0_221-b11)
# Java VM: Java HotSpot(TM) 64-Bit Server VM (25.221-b11 mixed mode windows-amd64 compressed oops)
Heap:
 PSYoungGen      total 161280K, used 113986K [0x000000076bd00000, 0x0000000777600000, 0x00000007c0000000)
  eden space 144384K, 74% used [0x000000076bd00000,0x000000077266f268,0x0000000774a00000)
  from space 16896K, 35% used [0x0000000774a00000,0x0000000774fe1988,0x0000000775a80000)
  to   space 16896K, 0% used [0x0000000776580000,0x0000000776580000,0x0000000777600000)
 ParOldGen       total 246272K, used 32627K [0x00000006c3600000, 0x00000006d2680000, 0x000000076bd00000)
  object space 246272K, 13% used [0x00000006c3600000,0x00000006c55dce90,0x00000006d2680000)
 Metaspace       used 64505K, capacity 69268K, committed 69592K, reserved 1110016K
  class space    used 8818K, capacity 9666K, committed 9688K, reserved 1048576K
GC Heap History (10 events):
Event: 49180.267 GC heap before
{Heap before GC invocations=110 (full 10):
 PSYoungGen      total 150016K, used 10422K [0x000000076bd00000, 0x0000000776100000, 0x00000007c0000000)
  eden space 133120K, 0% used [0x000000076bd00000,0x000000076bd00000,0x0000000773f00000)
  from space 16896K, 61% used [0x0000000775080000,0x0000000775aad8b0,0x0000000776100000)
  to   space 17408K, 0% used [0x0000000773f00000,0x0000000773f00000,0x0000000775000000)
 ParOldGen       total 246272K, used 31037K [0x00000006c3600000, 0x00000006d2680000, 0x000000076bd00000)
  object space 246272K, 12% used [0x00000006c3600000,0x00000006c544f678,0x00000006d2680000)
 Metaspace       used 63161K, capacity 67696K, committed 67928K, reserved 1107968K
  class space    used 8684K, capacity 9493K, committed 9560K, reserved 1048576K
Event: 49180.393 GC heap after
Heap after GC invocations=110 (full 10):
 PSYoungGen      total 150016K, used 0K [0x000000076bd00000, 0x0000000776100000, 0x00000007c0000000)
  eden space 133120K, 0% used [0x000000076bd00000,0x000000076bd00000,0x0000000773f00000)
  from space 16896K, 0% used [0x0000000775080000,0x0000000775080000,0x0000000776100000)
  to   space 17408K, 0% used [0x0000000773f00000,0x0000000773f00000,0x0000000775000000)
 ParOldGen       total 246272K, used 31723K [0x00000006c3600000, 0x00000006d2680000, 0x000000076bd00000)
  object space 246272K, 12% used [0x00000006c3600000,0x00000006c54facd8,0x00000006d2680000)
 Metaspace       used 63158K, capacity 67690K, committed 67928K, reserved 1107968K
  class space    used 8683K, capacity 9491K, committed 9560K, reserved 1048576K
}
Event: 49181.082 GC heap before
{Heap before GC invocations=111 (full 10):
 PSYoungGen      total 150016K, used 133120K [0x000000076bd00000, 0x0000000776100000, 0x00000007c0000000)
  eden space 133120K, 100% used [0x000000076bd00000,0x0000000773f00000,0x0000000773f00000)
  from space 16896K, 0% used [0x0000000775080000,0x0000000775080000,0x0000000776100000)
  to   space 17408K, 0% used [0x0000000773f00000,0x0000000773f00000,0x0000000775000000)
 ParOldGen       total 246272K, used 31723K [0x00000006c3600000, 0x00000006d2680000, 0x000000076bd00000)
  object space 246272K, 12% used [0x00000006c3600000,0x00000006c54facd8,0x00000006d2680000)
 Metaspace       used 63544K, capacity 68156K, committed 68184K, reserved 1107968K
  class space    used 8730K, capacity 9546K, committed 9560K, reserved 1048576K
Event: 49181.087 GC heap after
Heap after GC invocations=111 (full 10):
 PSYoungGen      total 150528K, used 5795K [0x000000076bd00000, 0x0000000776c00000, 0x00000007c0000000)
  eden space 133120K, 0% used [0x000000076bd00000,0x000000076bd00000,0x0000000773f00000)
  from space 17408K, 33% used [0x0000000773f00000,0x00000007744a8c48,0x0000000775000000)
  to   space 17408K, 0% used [0x0000000775b00000,0x0000000775b00000,0x0000000776c00000)
 ParOldGen       total 246272K, used 31731K [0x00000006c3600000, 0x00000006d2680000, 0x000000076bd00000)
  object space 246272K, 12% used [0x00000006c3600000,0x00000006c54fccd8,0x00000006d2680000)
 Metaspace       used 63544K, capacity 68156K, committed 68184K, reserved 1107968K
  class space    used 8730K, capacity 9546K, committed 9560K, reserved 1048576K
}
Event: 49303.231 GC heap before
{Heap before GC invocations=112 (full 10):
 PSYoungGen      total 150528K, used 138511K [0x000000076bd00000, 0x0000000776c00000, 0x00000007c0000000)
  eden space 133120K, 99% used [0x000000076bd00000,0x0000000773e9b1f8,0x0000000773f00000)
  from space 17408K, 33% used [0x0000000773f00000,0x00000007744a8c48,0x0000000775000000)
  to   space 17408K, 0% used [0x0000000775b00000,0x0000000775b00000,0x0000000776c00000)
 ParOldGen       total 246272K, used 31731K [0x00000006c3600000, 0x00000006d2680000, 0x000000076bd00000)
  object space 246272K, 12% used [0x00000006c3600000,0x00000006c54fccd8,0x00000006d2680000)
 Metaspace       used 63818K, capacity 68520K, committed 68824K, reserved 1107968K
  class space    used 8752K, capacity 9581K, committed 9688K, reserved 1048576K
Event: 49303.236 GC heap after
Heap after GC invocations=112 (full 10):
 PSYoungGen      total 160768K, used 10374K [0x000000076bd00000, 0x0000000776b00000, 0x00000007c0000000)
  eden space 144384K, 0% used [0x000000076bd00000,0x000000076bd00000,0x0000000774a00000)
  from space 16384K, 63% used [0x0000000775b00000,0x00000007765219e8,0x0000000776b00000)
  to   space 16896K, 0% used [0x0000000774a00000,0x0000000774a00000,0x0000000775a80000)
 ParOldGen       total 246272K, used 31739K [0x00000006c3600000, 0x00000006d2680000, 0x000000076bd00000)
  object space 246272K, 12% used [0x00000006c3600000,0x00000006c54fecd8,0x00000006d2680000)
 Metaspace       used 63818K, capacity 68520K, committed 68824K, reserved 1107968K
  class space    used 8752K, capacity 9581K, committed 9688K, reserved 1048576K
}
Event: 49303.236 GC heap before
{Heap before GC invocations=113 (full 11):
 PSYoungGen      total 160768K, used 10374K [0x000000076bd00000, 0x0000000776b00000, 0x00000007c0000000)
  eden space 144384K, 0% used [0x000000076bd00000,0x000000076bd00000,0x0000000774a00000)
  from space 16384K, 63% used [0x0000000775b00000,0x00000007765219e8,0x0000000776b00000)
  to   space 16896K, 0% used [0x0000000774a00000,0x0000000774a00000,0x0000000775a80000)
 ParOldGen       total 246272K, used 31739K [0x00000006c3600000, 0x00000006d2680000, 0x000000076bd00000)
  object space 246272K, 12% used [0x00000006c3600000,0x00000006c54fecd8,0x00000006d2680000)
 Metaspace       used 63818K, capacity 68520K, committed 68824K, reserved 1107968K
  class space    used 8752K, capacity 9581K, committed 9688K, reserved 1048576K
Event: 49303.396 GC heap after
Heap after GC invocations=113 (full 11):
 PSYoungGen      total 160768K, used 0K [0x000000076bd00000, 0x0000000776b00000, 0x00000007c0000000)
  eden space 144384K, 0% used [0x000000076bd00000,0x000000076bd00000,0x0000000774a00000)
  from space 16384K, 0% used [0x0000000775b00000,0x0000000775b00000,0x0000000776b00000)
  to   space 16896K, 0% used [0x0000000774a00000,0x0000000774a00000,0x0000000775a80000)
 ParOldGen       total 246272K, used 32619K [0x00000006c3600000, 0x00000006d2680000, 0x000000076bd00000)
  object space 246272K, 13% used [0x00000006c3600000,0x00000006c55dae90,0x00000006d2680000)
 Metaspace       used 63816K, capacity 68514K, committed 68824K, reserved 1107968K
  class space    used 8752K, capacity 9579K, committed 9688K, reserved 1048576K
}
Event: 49304.265 GC heap before
{Heap before GC invocations=114 (full 11):
 PSYoungGen      total 160768K, used 144384K [0x000000076bd00000, 0x0000000776b00000, 0x00000007c0000000)
  eden space 144384K, 100% used [0x000000076bd00000,0x0000000774a00000,0x0000000774a00000)
  from space 16384K, 0% used [0x0000000775b00000,0x0000000775b00000,0x0000000776b00000)
  to   space 16896K, 0% used [0x0000000774a00000,0x0000000774a00000,0x0000000775a80000)
 ParOldGen       total 246272K, used 32619K [0x00000006c3600000, 0x00000006d2680000, 0x000000076bd00000)
  object space 246272K, 13% used [0x00000006c3600000,0x00000006c55dae90,0x00000006d2680000)
 Metaspace       used 64273K, capacity 69058K, committed 69336K, reserved 1110016K
  class space    used 8800K, capacity 9663K, committed 9688K, reserved 1048576K
Event: 49304.270 GC heap after
Heap after GC invocations=114 (full 11):
 PSYoungGen      total 161280K, used 6022K [0x000000076bd00000, 0x0000000777600000, 0x00000007c0000000)
  eden space 144384K, 0% used [0x000000076bd00000,0x000000076bd00000,0x0000000774a00000)
  from space 16896K, 35% used [0x0000000774a00000,0x0000000774fe1988,0x0000000775a80000)
  to   space 16896K, 0% used [0x0000000776580000,0x0000000776580000,0x0000000777600000)
 ParOldGen       total 246272K, used 32627K [0x00000006c3600000, 0x00000006d2680000, 0x000000076bd00000)
  object space 246272K, 13% used [0x00000006c3600000,0x00000006c55dce90,0x00000006d2680000)
 Metaspace       used 64273K, capacity 69058K, committed 69336K, reserved 1110016K
  class space    used 8800K, capacity 9663K, committed 9688K, reserved 1048576K
}

